[INFO ] 2024-11-07 12:16:49.118 [main] UserTests2UserEndPointsRoutesImplimentataion2ForPropertiesFile - ===========Creating User==================
[INFO ] 2024-11-07 12:16:50.562 [main] UserTests2UserEndPointsRoutesImplimentataion2ForPropertiesFile - =========== User is created==================
[INFO ] 2024-11-07 12:16:50.569 [main] UserTests2UserEndPointsRoutesImplimentataion2ForPropertiesFile - =========== Reading User info==================
[INFO ] 2024-11-07 12:16:50.853 [main] UserTests2UserEndPointsRoutesImplimentataion2ForPropertiesFile - =========== User info is displayed==================
[INFO ] 2024-11-07 12:16:50.857 [main] UserTests2UserEndPointsRoutesImplimentataion2ForPropertiesFile - =========== Updating User ==================
[INFO ] 2024-11-07 12:16:51.105 [main] UserTests2UserEndPointsRoutesImplimentataion2ForPropertiesFile - =========== User is updated ==================
[INFO ] 2024-11-07 12:16:51.517 [main] UserTests2UserEndPointsRoutesImplimentataion2ForPropertiesFile - =========== Deleting User==================
[INFO ] 2024-11-07 12:16:51.786 [main] UserTests2UserEndPointsRoutesImplimentataion2ForPropertiesFile - ===========  User deleted==================
[INFO ] 2024-11-07 12:18:19.977 [main] UserTests2UserEndPointsRoutesImplimentataion2ForPropertiesFile - ===========Creating User==================
[INFO ] 2024-11-07 12:18:20.915 [main] UserTests2UserEndPointsRoutesImplimentataion2ForPropertiesFile - =========== User is created==================
[INFO ] 2024-11-07 12:18:20.921 [main] UserTests2UserEndPointsRoutesImplimentataion2ForPropertiesFile - =========== Reading User info==================
[INFO ] 2024-11-07 12:18:21.749 [main] UserTests2UserEndPointsRoutesImplimentataion2ForPropertiesFile - =========== User info is displayed==================
[INFO ] 2024-11-07 12:18:21.754 [main] UserTests2UserEndPointsRoutesImplimentataion2ForPropertiesFile - =========== Updating User ==================
[INFO ] 2024-11-07 12:18:21.760 [main] UserTests2UserEndPointsRoutesImplimentataion2ForPropertiesFile - =========== Deleting User==================
[INFO ] 2024-11-07 12:18:21.990 [main] UserTests2UserEndPointsRoutesImplimentataion2ForPropertiesFile - ===========  User deleted==================
[INFO ] 2024-11-07 12:19:16.852 [main] UserTests2UserEndPointsRoutesImplimentataion2ForPropertiesFile - ===========Creating User==================
[INFO ] 2024-11-07 12:19:17.771 [main] UserTests2UserEndPointsRoutesImplimentataion2ForPropertiesFile - =========== User is created==================
[INFO ] 2024-11-07 12:19:17.777 [main] UserTests2UserEndPointsRoutesImplimentataion2ForPropertiesFile - =========== Reading User info==================
[INFO ] 2024-11-07 12:19:18.926 [main] UserTests2UserEndPointsRoutesImplimentataion2ForPropertiesFile - =========== User info is displayed==================
[INFO ] 2024-11-07 12:19:18.931 [main] UserTests2UserEndPointsRoutesImplimentataion2ForPropertiesFile - =========== Updating User ==================
[INFO ] 2024-11-07 12:19:19.186 [main] UserTests2UserEndPointsRoutesImplimentataion2ForPropertiesFile - =========== User is updated ==================
[INFO ] 2024-11-07 12:19:19.470 [main] UserTests2UserEndPointsRoutesImplimentataion2ForPropertiesFile - =========== Deleting User==================
[INFO ] 2024-11-07 12:19:20.261 [main] UserTests2UserEndPointsRoutesImplimentataion2ForPropertiesFile - ===========  User deleted==================
[INFO ] 2024-11-07 12:20:27.390 [main] UserTests2UserEndPointsRoutesImplimentataion2ForPropertiesFile - ===========Creating User==================
[INFO ] 2024-11-07 12:20:28.352 [main] UserTests2UserEndPointsRoutesImplimentataion2ForPropertiesFile - =========== User is created==================
[INFO ] 2024-11-07 12:20:28.358 [main] UserTests2UserEndPointsRoutesImplimentataion2ForPropertiesFile - =========== Reading User info==================
[INFO ] 2024-11-07 12:20:28.813 [main] UserTests2UserEndPointsRoutesImplimentataion2ForPropertiesFile - =========== User info is displayed==================
[INFO ] 2024-11-07 12:20:28.819 [main] UserTests2UserEndPointsRoutesImplimentataion2ForPropertiesFile - =========== Updating User ==================
[INFO ] 2024-11-07 12:20:29.582 [main] UserTests2UserEndPointsRoutesImplimentataion2ForPropertiesFile - =========== User is updated ==================
[INFO ] 2024-11-07 12:20:29.811 [main] UserTests2UserEndPointsRoutesImplimentataion2ForPropertiesFile - =========== Deleting User==================
[INFO ] 2024-11-07 12:20:30.605 [main] UserTests2UserEndPointsRoutesImplimentataion2ForPropertiesFile - ===========  User deleted==================
[INFO ] 2024-11-07 13:01:38.546 [main] UserTests2UserEndPointsRoutesImplimentataion2ForPropertiesFile - ===========Creating User==================
[INFO ] 2024-11-07 13:01:39.471 [main] UserTests2UserEndPointsRoutesImplimentataion2ForPropertiesFile - =========== User is created==================
[INFO ] 2024-11-07 13:01:39.475 [main] UserTests2UserEndPointsRoutesImplimentataion2ForPropertiesFile - =========== Reading User info==================
[INFO ] 2024-11-07 13:01:39.780 [main] UserTests2UserEndPointsRoutesImplimentataion2ForPropertiesFile - =========== User info is displayed==================
[INFO ] 2024-11-07 13:01:39.783 [main] UserTests2UserEndPointsRoutesImplimentataion2ForPropertiesFile - =========== Updating User ==================
[INFO ] 2024-11-07 13:01:40.077 [main] UserTests2UserEndPointsRoutesImplimentataion2ForPropertiesFile - =========== User is updated ==================
[INFO ] 2024-11-07 13:01:40.360 [main] UserTests2UserEndPointsRoutesImplimentataion2ForPropertiesFile - =========== Deleting User==================
[INFO ] 2024-11-07 13:01:40.829 [main] UserTests2UserEndPointsRoutesImplimentataion2ForPropertiesFile - ===========  User deleted==================
[INFO ] 2024-11-07 13:19:49.954 [main] UserTests2UserEndPointsRoutesImplimentataion2ForPropertiesFile - ===========Creating User==================
[INFO ] 2024-11-07 13:19:51.183 [main] UserTests2UserEndPointsRoutesImplimentataion2ForPropertiesFile - =========== User is created==================
[INFO ] 2024-11-07 13:19:51.189 [main] UserTests2UserEndPointsRoutesImplimentataion2ForPropertiesFile - =========== Reading User info==================
[INFO ] 2024-11-07 13:19:51.447 [main] UserTests2UserEndPointsRoutesImplimentataion2ForPropertiesFile - =========== User info is displayed==================
[INFO ] 2024-11-07 13:19:51.449 [main] UserTests2UserEndPointsRoutesImplimentataion2ForPropertiesFile - =========== Updating User ==================
[INFO ] 2024-11-07 13:19:51.710 [main] UserTests2UserEndPointsRoutesImplimentataion2ForPropertiesFile - =========== User is updated ==================
[INFO ] 2024-11-07 13:19:51.946 [main] UserTests2UserEndPointsRoutesImplimentataion2ForPropertiesFile - =========== Deleting User==================
[INFO ] 2024-11-07 13:19:52.368 [main] UserTests2UserEndPointsRoutesImplimentataion2ForPropertiesFile - ===========  User deleted==================
[INFO ] 2024-11-07 13:20:35.042 [main] UserTests2UserEndPointsRoutesImplimentataion2ForPropertiesFile - ===========Creating User==================
[INFO ] 2024-11-07 13:20:35.960 [main] UserTests2UserEndPointsRoutesImplimentataion2ForPropertiesFile - =========== User is created==================
[INFO ] 2024-11-07 13:20:35.965 [main] UserTests2UserEndPointsRoutesImplimentataion2ForPropertiesFile - =========== Reading User info==================
[INFO ] 2024-11-07 13:20:36.435 [main] UserTests2UserEndPointsRoutesImplimentataion2ForPropertiesFile - =========== User info is displayed==================
[INFO ] 2024-11-07 13:20:36.439 [main] UserTests2UserEndPointsRoutesImplimentataion2ForPropertiesFile - =========== Updating User ==================
[INFO ] 2024-11-07 13:20:36.732 [main] UserTests2UserEndPointsRoutesImplimentataion2ForPropertiesFile - =========== User is updated ==================
[INFO ] 2024-11-07 13:20:36.989 [main] UserTests2UserEndPointsRoutesImplimentataion2ForPropertiesFile - =========== Deleting User==================
[INFO ] 2024-11-07 13:20:37.217 [main] UserTests2UserEndPointsRoutesImplimentataion2ForPropertiesFile - ===========  User deleted==================
[INFO ] 2024-11-07 13:24:48.908 [main] UserTests2UserEndPointsRoutesImplimentataion2ForPropertiesFile - ===========Creating User==================
[INFO ] 2024-11-07 13:24:49.809 [main] UserTests2UserEndPointsRoutesImplimentataion2ForPropertiesFile - =========== User is created==================
[INFO ] 2024-11-07 13:24:49.813 [main] UserTests2UserEndPointsRoutesImplimentataion2ForPropertiesFile - =========== Reading User info==================
[INFO ] 2024-11-07 13:24:50.230 [main] UserTests2UserEndPointsRoutesImplimentataion2ForPropertiesFile - =========== User info is displayed==================
[INFO ] 2024-11-07 13:24:50.234 [main] UserTests2UserEndPointsRoutesImplimentataion2ForPropertiesFile - =========== Updating User ==================
[INFO ] 2024-11-07 13:24:50.549 [main] UserTests2UserEndPointsRoutesImplimentataion2ForPropertiesFile - =========== User is updated ==================
[INFO ] 2024-11-07 13:24:50.782 [main] UserTests2UserEndPointsRoutesImplimentataion2ForPropertiesFile - =========== Deleting User==================
[INFO ] 2024-11-07 13:24:51.253 [main] UserTests2UserEndPointsRoutesImplimentataion2ForPropertiesFile - ===========  User deleted==================
